<?xml version="1.0" encoding="UTF-8"?>
<testng-results total="1" passed="1" failed="0" skipped="0">
  <reporter-output>
  </reporter-output>
  <suite started-at="2023-09-06T04:45:44Z" name="Default suite" finished-at="2023-09-06T04:45:54Z" duration-ms="10800">
    <groups>
    </groups>
    <test started-at="2023-09-06T04:45:44Z" name="Default test" finished-at="2023-09-06T04:45:54Z" duration-ms="10800">
      <class name="Test.Google">
        <test-method signature="exe()[pri:0, instance:Test.Google@6892b3b6]" started-at="2023-09-06T10:15:44Z" name="exe" finished-at="2023-09-06T10:15:54Z" duration-ms="10778" status="PASS">
          <reporter-output>
          </reporter-output>
        </test-method> <!-- exe -->
      </class> <!-- Test.Google -->
    </test> <!-- Default test -->
  </suite> <!-- Default suite -->
</testng-results>
