<?xml version="1.0" encoding="UTF-8"?>
<testng-results ignored="0" total="3" passed="3" failed="0" skipped="0">
  <reporter-output>
  </reporter-output>
  <suite started-at="2023-09-06T14:45:03 IST" name="Default suite" finished-at="2023-09-06T14:45:13 IST" duration-ms="10373">
    <groups>
    </groups>
    <test started-at="2023-09-06T14:45:03 IST" name="Default test" finished-at="2023-09-06T14:45:13 IST" duration-ms="10373">
      <class name="Test.Product">
        <test-method signature="addProduct()[pri:0, instance:Test.Product@6b81ce95]" started-at="2023-09-06T14:45:03 IST" name="addProduct" finished-at="2023-09-06T14:45:03 IST" duration-ms="13" status="PASS">
          <reporter-output>
          </reporter-output>
        </test-method> <!-- addProduct -->
      </class> <!-- Test.Product -->
      <class name="Test.Google">
        <test-method signature="exe()[pri:0, instance:Test.Google@5c5eefef]" started-at="2023-09-06T14:45:03 IST" name="exe" finished-at="2023-09-06T14:45:13 IST" duration-ms="10286" status="PASS">
          <reporter-output>
          </reporter-output>
        </test-method> <!-- exe -->
      </class> <!-- Test.Google -->
      <class name="Test.Customer">
        <test-method signature="addCustomer()[pri:0, instance:Test.Customer@16293aa2]" started-at="2023-09-06T14:45:13 IST" name="addCustomer" finished-at="2023-09-06T14:45:13 IST" duration-ms="2" status="PASS">
          <reporter-output>
          </reporter-output>
        </test-method> <!-- addCustomer -->
      </class> <!-- Test.Customer -->
    </test> <!-- Default test -->
  </suite> <!-- Default suite -->
</testng-results>
